<?xml version="1.0" encoding="UTF-8"?>
<!-- Generated by org.testng.reporters.JUnitReportReporter -->
<testsuite hostname="DESKTOP-24VCBV6" failures="0" tests="14" name="testCases.TC01_CustomerLogin" time="10.353" errors="0" timestamp="2024-07-21T22:32:12 EET" skipped="0">
  <testcase classname="testCases.TC01_CustomerLogin" name="LoginOnCustomerPage" time="2.377"/>
  <testcase classname="testCases.TC01_CustomerLogin" name="LoginOnCustomerPage" time="1.802"/>
  <testcase classname="testCases.TC01_CustomerLogin" name="openCustomerPage" time="1.530"/>
  <testcase classname="testCases.TC01_CustomerLogin" name="openCustomerPage" time="0.630"/>
  <testcase classname="testCases.TC01_CustomerLogin" name="getResultData" time="0.737"/>
  <testcase classname="testCases.TC01_CustomerLogin" name="getResultData" time="0.180"/>
  <testcase classname="testCases.TC01_CustomerLogin" name="addDeposit" time="0.500"/>
  <testcase classname="testCases.TC01_CustomerLogin" name="addDeposit" time="0.504"/>
  <testcase classname="testCases.TC01_CustomerLogin" name="openWithDraw" time="0.461"/>
  <testcase classname="testCases.TC01_CustomerLogin" name="openWithDraw" time="0.466"/>
  <testcase classname="testCases.TC01_CustomerLogin" name="enterAmountOfWithDraw" time="0.665"/>
  <testcase classname="testCases.TC01_CustomerLogin" name="enterAmountOfWithDraw" time="0.300"/>
  <testcase classname="testCases.TC01_CustomerLogin" name="logOut" time="0.092"/>
  <testcase classname="testCases.TC01_CustomerLogin" name="logOut" time="0.109"/>
</testsuite> <!-- testCases.TC01_CustomerLogin -->
