<?xml version="1.0" encoding="UTF-8"?>
<!-- Generated by org.testng.reporters.JUnitReportReporter -->
<testsuite hostname="DESKTOP-24VCBV6" failures="0" tests="12" name="testCases.TC02_ManagerBank" time="7.195" errors="0" timestamp="2024-07-21T22:32:12 EET" skipped="0">
  <testcase classname="testCases.TC02_ManagerBank" name="clickOnBankManagerPage" time="0.562"/>
  <testcase classname="testCases.TC02_ManagerBank" name="clickOnBankManagerPage" time="0.977"/>
  <testcase classname="testCases.TC02_ManagerBank" name="addNewCustomer" time="1.009"/>
  <testcase classname="testCases.TC02_ManagerBank" name="addNewCustomer" time="1.007"/>
  <testcase classname="testCases.TC02_ManagerBank" name="clickOnOpenAccount" time="0.414"/>
  <testcase classname="testCases.TC02_ManagerBank" name="clickOnOpenAccount" time="0.248"/>
  <testcase classname="testCases.TC02_ManagerBank" name="openNewAccount" time="0.988"/>
  <testcase classname="testCases.TC02_ManagerBank" name="openNewAccount" time="0.595"/>
  <testcase classname="testCases.TC02_ManagerBank" name="clickOnCustomers" time="0.534"/>
  <testcase classname="testCases.TC02_ManagerBank" name="clickOnCustomers" time="0.641"/>
  <testcase classname="testCases.TC02_ManagerBank" name="returnHome" time="0.120"/>
  <testcase classname="testCases.TC02_ManagerBank" name="returnHome" time="0.100"/>
</testsuite> <!-- testCases.TC02_ManagerBank -->
